<?xml version="1.0" encoding="UTF-8"?>
<!-- Generated by org.testng.reporters.JUnitReportReporter -->
<testsuite hostname="DESKTOP-FI8UJG3" failures="0" tests="2" name="com.project.test.FacebookLoginPostLogoutTest" time="22.108" errors="0" timestamp="2022-06-05T22:06:05 IST" skipped="0">
  <testcase classname="com.project.test.FacebookLoginPostLogoutTest" name="logout" time="17.783"/>
  <system-out/>
  <testcase classname="com.project.test.FacebookLoginPostLogoutTest" name="FacebookLogin" time="4.325"/>
  <system-out/>
</testsuite> <!-- com.project.test.FacebookLoginPostLogoutTest -->
