<?xml version="1.0" encoding="UTF-8"?>
<!-- Generated by org.testng.reporters.JUnitReportReporter -->
<testsuite hostname="DESKTOP-FI8UJG3" failures="0" tests="1" name="com.domain.test.FormFillTest" time="10.324" errors="0" timestamp="2022-06-05T14:54:37 IST" skipped="0">
  <testcase classname="com.domain.test.FormFillTest" name="FillForm" time="10.324"/>
  <system-out/>
</testsuite> <!-- com.domain.test.FormFillTest -->
