<?xml version="1.0" encoding="UTF-8"?>
<!-- Generated by org.testng.reporters.JUnitReportReporter -->
<testsuite hostname="DESKTOP-FI8UJG3" failures="0" tests="1" name="com.project.test.HerokuappFormFillTest" time="15.028" errors="0" timestamp="2022-06-05T21:44:01 IST" skipped="0">
  <testcase classname="com.project.test.HerokuappFormFillTest" name="FillForm" time="15.028"/>
  <system-out/>
</testsuite> <!-- com.project.test.HerokuappFormFillTest -->
